Running "module reset". Resetting modules to system default. The following $MODULEPATH directories have been removed: None
Setting R_LIBS_USER to: /home/ziadbushnaq1/R/tinkercliffs-rome/4.4.2
── Attaching core tidyverse packages ──────────────────────── tidyverse 2.0.0 ──
✔ dplyr     1.2.1     ✔ readr     2.2.0
✔ forcats   1.0.1     ✔ stringr   1.5.1
✔ ggplot2   4.0.3     ✔ tibble    3.2.1
✔ lubridate 1.9.5     ✔ tidyr     1.3.2
✔ purrr     1.0.2     
── Conflicts ────────────────────────────────────────── tidyverse_conflicts() ──
✖ dplyr::filter() masks stats::filter()
✖ dplyr::lag()    masks stats::lag()
ℹ Use the conflicted package (<http://conflicted.r-lib.org/>) to force all conflicts to become errors
Linking to GEOS 3.12.2, GDAL 3.10.0, PROJ 9.4.1; sf_use_s2() is TRUE
(Permanently remove the following message with fixest_startup_msg(FALSE).)
fixest 0.10.0:
- vcov: new argument 'vcov' that replaces 'se' and 'cluster' in all functions
(retro compatibility is ensured).
- Breaking: arg. 'vcov' now comes after 'data'/'family', hence code using an
offset w/t the arg. name may break (just use 'offset = stuff' now).
- function 'dof()' has been renamed into 'ssc()' (i.e. small sample correction).
From fixest 0.9.0 onward: BREAKING changes! 
- In i():
    + the first two arguments have been swapped! Now it's i(factor_var,
    continuous_var) for interactions.
    + argument 'drop' has been removed (put everything in 'ref' now).
- In feglm(): 
    + the default family becomes 'gaussian' to be in line with glm(). Hence, for
    Poisson estimations, please use fepois() instead.
here() starts at /projects/dspg_viz/ziadbushnaq1/data_centers
Loading required package: DBI
Loader: cloud filter <30 | rows: 41,861,829 
  sensor        n
1      5 22016056
2      8 19845773
Panel facilities: 17 of 17 expected.  
             used    (Mb) gc trigger    (Mb)   max used    (Mb)
Ncells    4559498   243.6    8247588   440.5    8247588   440.5
Vcells 1340518937 10227.4 2632262295 20082.6 2630347706 20068.0

==== Facility-level pre/post differences (clean pre, ex-construction) ====


| export_id| m_post|  m_pre| n_obs_post| n_obs_pre|   diff|
|---------:|------:|------:|----------:|---------:|------:|
|      2899| -1.984| -0.146|     145468|    105122| -1.838|
|       648|  0.123|  1.016|     156743|     53965| -0.893|
|       664|  0.212|  0.464|     125296|     30521| -0.252|
|      3051|  0.494|  0.654|     209628|     59127| -0.160|
|      3052|  0.620|  0.607|     205856|     41272|  0.013|
|      2988|  0.566|  0.408|      61658|     39911|  0.158|
|      2998|  0.136| -0.029|      79908|     50827|  0.165|
|      2793|  0.972|  0.761|      28859|     65823|  0.211|
|      2950|  0.958|  0.670|      99591|     12479|  0.288|
|      2886|  1.959|  1.504|     157591|     91646|  0.455|
|      3009|  1.142|  0.541|      83693|     46565|  0.601|
|       412| -0.939| -1.713|      97830|     19852|  0.774|
|      2039|  0.527| -0.275|      80028|     44741|  0.801|
|      3021|  1.522|  0.695|      83829|     50485|  0.827|
|      3012|  1.844|  0.995|     117408|     37110|  0.848|
|       411| -0.803| -1.872|     109009|      8372|  1.069|
|      2949| -1.107| -3.426|     113554|     11259|  2.320|

Mean diff: 0.317 C | t = 1.48 | p(t) = 0.1584 | p(signrank) = 0.0797 | n = 17
95% CI: [-0.137, 0.771] | facilities positive: 13 of 17
